android-native/app/build/intermediates/manifest_merge_blame_file/debug/manifest-merger-blame-debug-report.txt
1<?xml version="1.0" encoding="utf-8"?>
2<manifest xmlns:android="http://schemas.android.com/apk/res/android"
3    package="com.estoyok.app"
4    android:versionCode="1"
5    android:versionName="1.0.0" >
6
7    <uses-sdk
8        android:minSdkVersion="26"
9        android:targetSdkVersion="34" />
10
11    <!-- Permissions -->
12    <uses-permission android:name="android.permission.INTERNET" />
12-->src/main/AndroidManifest.xml:5:5-67
12-->src/main/AndroidManifest.xml:5:22-64
13    <uses-permission android:name="android.permission.ACCESS_NETWORK_STATE" />
13-->src/main/AndroidManifest.xml:6:5-79
13-->src/main/AndroidManifest.xml:6:22-76
14    <uses-permission android:name="android.permission.ACCESS_FINE_LOCATION" />
14-->src/main/AndroidManifest.xml:7:5-79
14-->src/main/AndroidManifest.xml:7:22-76
15    <uses-permission android:name="android.permission.ACCESS_COARSE_LOCATION" />
15-->src/main/AndroidManifest.xml:8:5-81
15-->src/main/AndroidManifest.xml:8:22-78
16    <uses-permission android:name="android.permission.ACCESS_BACKGROUND_LOCATION" />
16-->src/main/AndroidManifest.xml:9:5-85
16-->src/main/AndroidManifest.xml:9:22-82
17    <uses-permission android:name="android.permission.FOREGROUND_SERVICE" />
17-->src/main/AndroidManifest.xml:10:5-77
17-->src/main/AndroidManifest.xml:10:22-74
18    <uses-permission android:name="android.permission.FOREGROUND_SERVICE_LOCATION" />
18-->src/main/AndroidManifest.xml:11:5-86
18-->src/main/AndroidManifest.xml:11:22-83
19    <uses-permission android:name="android.permission.POST_NOTIFICATIONS" />
19-->src/main/AndroidManifest.xml:12:5-77
19-->src/main/AndroidManifest.xml:12:22-74
20    <uses-permission android:name="android.permission.SEND_SMS" />
20-->src/main/AndroidManifest.xml:13:5-67
20-->src/main/AndroidManifest.xml:13:22-64
21    <uses-permission android:name="android.permission.RECORD_AUDIO" />
21-->src/main/AndroidManifest.xml:14:5-71
21-->src/main/AndroidManifest.xml:14:22-68
22    <uses-permission android:name="android.permission.BODY_SENSORS" />
22-->src/main/AndroidManifest.xml:15:5-71
22-->src/main/AndroidManifest.xml:15:22-68
23    <uses-permission android:name="android.permission.ACTIVITY_RECOGNITION" />
23-->src/main/AndroidManifest.xml:16:5-79
23-->src/main/AndroidManifest.xml:16:22-76
24    <uses-permission android:name="android.permission.WAKE_LOCK" />
24-->src/main/AndroidManifest.xml:17:5-68
24-->src/main/AndroidManifest.xml:17:22-65
25    <uses-permission android:name="android.permission.RECEIVE_BOOT_COMPLETED" />
25-->src/main/AndroidManifest.xml:18:5-81
25-->src/main/AndroidManifest.xml:18:22-78
26
27    <!-- See https://developer.android.com/training/package-visibility/declaring for more details. -->
28    <queries>
28-->[com.stripe:payments-core:20.37.2] AndroidManifest.xml:8:5-12:15
29
30        <!-- Added to check if Chrome is installed for browser-based payment authentication (e.g. 3DS1). -->
31        <package android:name="com.android.chrome" />
31-->[com.stripe:payments-core:20.37.2] AndroidManifest.xml:11:9-54
31-->[com.stripe:payments-core:20.37.2] AndroidManifest.xml:11:18-51
32        <!-- Needs to be explicitly declared on Android R+ -->
33        <package android:name="com.google.android.apps.maps" />
33-->[com.google.android.gms:play-services-maps:18.2.0] AndroidManifest.xml:33:9-64
33-->[com.google.android.gms:play-services-maps:18.2.0] AndroidManifest.xml:33:18-61
34    </queries>
35
36    <uses-feature
36-->[com.google.android.gms:play-services-maps:18.2.0] AndroidManifest.xml:26:5-28:35
37        android:glEsVersion="0x00020000"
37-->[com.google.android.gms:play-services-maps:18.2.0] AndroidManifest.xml:27:9-41
38        android:required="true" />
38-->[com.google.android.gms:play-services-maps:18.2.0] AndroidManifest.xml:28:9-32
39
40    <permission
40-->[androidx.core:core:1.12.0] AndroidManifest.xml:22:5-24:47
41        android:name="com.estoyok.app.DYNAMIC_RECEIVER_NOT_EXPORTED_PERMISSION"
41-->[androidx.core:core:1.12.0] AndroidManifest.xml:23:9-81
42        android:protectionLevel="signature" />
42-->[androidx.core:core:1.12.0] AndroidManifest.xml:24:9-44
43
44    <uses-permission android:name="com.estoyok.app.DYNAMIC_RECEIVER_NOT_EXPORTED_PERMISSION" />
44-->[androidx.core:core:1.12.0] AndroidManifest.xml:26:5-97
44-->[androidx.core:core:1.12.0] AndroidManifest.xml:26:22-94
45
46    <application
46-->src/main/AndroidManifest.xml:20:5-60:19
47        android:name="com.estoyok.app.EstoyOkApplication"
47-->src/main/AndroidManifest.xml:21:9-43
48        android:allowBackup="true"
48-->src/main/AndroidManifest.xml:22:9-35
49        android:appComponentFactory="androidx.core.app.CoreComponentFactory"
49-->[androidx.core:core:1.12.0] AndroidManifest.xml:28:18-86
50        android:dataExtractionRules="@xml/data_extraction_rules"
50-->src/main/AndroidManifest.xml:23:9-65
51        android:debuggable="true"
52        android:extractNativeLibs="false"
53        android:fullBackupContent="@xml/backup_rules"
53-->src/main/AndroidManifest.xml:24:9-54
54        android:icon="@android:mipmap/sym_def_app_icon"
54-->src/main/AndroidManifest.xml:25:9-56
55        android:label="@string/app_name"
55-->src/main/AndroidManifest.xml:26:9-41
56        android:roundIcon="@android:mipmap/sym_def_app_icon"
56-->src/main/AndroidManifest.xml:27:9-61
57        android:supportsRtl="true"
57-->src/main/AndroidManifest.xml:28:9-35
58        android:theme="@style/Theme.EstoyOk"
58-->src/main/AndroidManifest.xml:29:9-45
59        android:usesCleartextTraffic="true" > <!-- Needed for local backend HTTP requests during dev -->
59-->src/main/AndroidManifest.xml:30:9-44
60
61
62        <!-- Google Maps API Key -->
63        <meta-data
64            android:name="com.google.android.geo.API_KEY"
64-->src/main/AndroidManifest.xml:34:13-58
65            android:value="MOCK_API_KEY" />
65-->src/main/AndroidManifest.xml:35:13-44
66
67        <activity
67-->src/main/AndroidManifest.xml:37:9-45:20
68            android:name="com.estoyok.app.MainActivity"
68-->src/main/AndroidManifest.xml:38:13-41
69            android:exported="true"
69-->src/main/AndroidManifest.xml:39:13-36
70            android:theme="@style/Theme.EstoyOk" >
70-->src/main/AndroidManifest.xml:40:13-49
71            <intent-filter>
71-->src/main/AndroidManifest.xml:41:13-44:29
72                <action android:name="android.intent.action.MAIN" />
72-->src/main/AndroidManifest.xml:42:17-69
72-->src/main/AndroidManifest.xml:42:25-66
73
74                <category android:name="android.intent.category.LAUNCHER" />
74-->src/main/AndroidManifest.xml:43:17-77
74-->src/main/AndroidManifest.xml:43:27-74
75            </intent-filter>
76        </activity>
77
78        <!-- Tracking Foreground Service -->
79        <service
79-->src/main/AndroidManifest.xml:48:9-52:56
80            android:name="com.estoyok.app.services.TrackingService"
80-->src/main/AndroidManifest.xml:49:13-53
81            android:enabled="true"
81-->src/main/AndroidManifest.xml:50:13-35
82            android:exported="false"
82-->src/main/AndroidManifest.xml:51:13-37
83            android:foregroundServiceType="location" />
83-->src/main/AndroidManifest.xml:52:13-53
84
85        <!-- Crash Alert Countdown Activity -->
86        <activity
86-->src/main/AndroidManifest.xml:55:9-58:52
87            android:name="com.estoyok.app.features.tracking.presentation.CrashAlertActivity"
87-->src/main/AndroidManifest.xml:56:13-78
88            android:exported="false"
88-->src/main/AndroidManifest.xml:57:13-37
89            android:theme="@style/Theme.EstoyOk" />
89-->src/main/AndroidManifest.xml:58:13-49
90
91        <provider
91-->[androidx.work:work-runtime:2.9.0] AndroidManifest.xml:29:9-37:20
92            android:name="androidx.startup.InitializationProvider"
92-->[androidx.work:work-runtime:2.9.0] AndroidManifest.xml:30:13-67
93            android:authorities="com.estoyok.app.androidx-startup"
93-->[androidx.work:work-runtime:2.9.0] AndroidManifest.xml:31:13-68
94            android:exported="false" >
94-->[androidx.work:work-runtime:2.9.0] AndroidManifest.xml:32:13-37
95            <meta-data
95-->[androidx.work:work-runtime:2.9.0] AndroidManifest.xml:34:13-36:52
96                android:name="androidx.work.WorkManagerInitializer"
96-->[androidx.work:work-runtime:2.9.0] AndroidManifest.xml:35:17-68
97                android:value="androidx.startup" />
97-->[androidx.work:work-runtime:2.9.0] AndroidManifest.xml:36:17-49
98            <meta-data
98-->[androidx.emoji2:emoji2:1.3.0] AndroidManifest.xml:29:13-31:52
99                android:name="androidx.emoji2.text.EmojiCompatInitializer"
99-->[androidx.emoji2:emoji2:1.3.0] AndroidManifest.xml:30:17-75
100                android:value="androidx.startup" />
100-->[androidx.emoji2:emoji2:1.3.0] AndroidManifest.xml:31:17-49
101            <meta-data
101-->[androidx.lifecycle:lifecycle-process:2.7.0] AndroidManifest.xml:29:13-31:52
102                android:name="androidx.lifecycle.ProcessLifecycleInitializer"
102-->[androidx.lifecycle:lifecycle-process:2.7.0] AndroidManifest.xml:30:17-78
103                android:value="androidx.startup" />
103-->[androidx.lifecycle:lifecycle-process:2.7.0] AndroidManifest.xml:31:17-49
104            <meta-data
104-->[androidx.profileinstaller:profileinstaller:1.3.0] AndroidManifest.xml:29:13-31:52
105                android:name="androidx.profileinstaller.ProfileInstallerInitializer"
105-->[androidx.profileinstaller:profileinstaller:1.3.0] AndroidManifest.xml:30:17-85
106                android:value="androidx.startup" />
106-->[androidx.profileinstaller:profileinstaller:1.3.0] AndroidManifest.xml:31:17-49
107        </provider>
108
109        <service
109-->[androidx.work:work-runtime:2.9.0] AndroidManifest.xml:39:9-45:35
110            android:name="androidx.work.impl.background.systemalarm.SystemAlarmService"
110-->[androidx.work:work-runtime:2.9.0] AndroidManifest.xml:40:13-88
111            android:directBootAware="false"
111-->[androidx.work:work-runtime:2.9.0] AndroidManifest.xml:41:13-44
112            android:enabled="@bool/enable_system_alarm_service_default"
112-->[androidx.work:work-runtime:2.9.0] AndroidManifest.xml:42:13-72
113            android:exported="false" />
113-->[androidx.work:work-runtime:2.9.0] AndroidManifest.xml:43:13-37
114        <service
114-->[androidx.work:work-runtime:2.9.0] AndroidManifest.xml:46:9-52:35
115            android:name="androidx.work.impl.background.systemjob.SystemJobService"
115-->[androidx.work:work-runtime:2.9.0] AndroidManifest.xml:47:13-84
116            android:directBootAware="false"
116-->[androidx.work:work-runtime:2.9.0] AndroidManifest.xml:48:13-44
117            android:enabled="@bool/enable_system_job_service_default"
117-->[androidx.work:work-runtime:2.9.0] AndroidManifest.xml:49:13-70
118            android:exported="true"
118-->[androidx.work:work-runtime:2.9.0] AndroidManifest.xml:50:13-36
119            android:permission="android.permission.BIND_JOB_SERVICE" />
119-->[androidx.work:work-runtime:2.9.0] AndroidManifest.xml:51:13-69
120        <service
120-->[androidx.work:work-runtime:2.9.0] AndroidManifest.xml:53:9-59:35
121            android:name="androidx.work.impl.foreground.SystemForegroundService"
121-->[androidx.work:work-runtime:2.9.0] AndroidManifest.xml:54:13-81
122            android:directBootAware="false"
122-->[androidx.work:work-runtime:2.9.0] AndroidManifest.xml:55:13-44
123            android:enabled="@bool/enable_system_foreground_service_default"
123-->[androidx.work:work-runtime:2.9.0] AndroidManifest.xml:56:13-77
124            android:exported="false" />
124-->[androidx.work:work-runtime:2.9.0] AndroidManifest.xml:57:13-37
125
126        <receiver
126-->[androidx.work:work-runtime:2.9.0] AndroidManifest.xml:61:9-66:35
127            android:name="androidx.work.impl.utils.ForceStopRunnable$BroadcastReceiver"
127-->[androidx.work:work-runtime:2.9.0] AndroidManifest.xml:62:13-88
128            android:directBootAware="false"
128-->[androidx.work:work-runtime:2.9.0] AndroidManifest.xml:63:13-44
129            android:enabled="true"
129-->[androidx.work:work-runtime:2.9.0] AndroidManifest.xml:64:13-35
130            android:exported="false" />
130-->[androidx.work:work-runtime:2.9.0] AndroidManifest.xml:65:13-37
131        <receiver
131-->[androidx.work:work-runtime:2.9.0] AndroidManifest.xml:67:9-77:20
132            android:name="androidx.work.impl.background.systemalarm.ConstraintProxy$BatteryChargingProxy"
132-->[androidx.work:work-runtime:2.9.0] AndroidManifest.xml:68:13-106
133            android:directBootAware="false"
133-->[androidx.work:work-runtime:2.9.0] AndroidManifest.xml:69:13-44
134            android:enabled="false"
134-->[androidx.work:work-runtime:2.9.0] AndroidManifest.xml:70:13-36
135            android:exported="false" >
135-->[androidx.work:work-runtime:2.9.0] AndroidManifest.xml:71:13-37
136            <intent-filter>
136-->[androidx.work:work-runtime:2.9.0] AndroidManifest.xml:73:13-76:29
137                <action android:name="android.intent.action.ACTION_POWER_CONNECTED" />
137-->[androidx.work:work-runtime:2.9.0] AndroidManifest.xml:74:17-87
137-->[androidx.work:work-runtime:2.9.0] AndroidManifest.xml:74:25-84
138                <action android:name="android.intent.action.ACTION_POWER_DISCONNECTED" />
138-->[androidx.work:work-runtime:2.9.0] AndroidManifest.xml:75:17-90
138-->[androidx.work:work-runtime:2.9.0] AndroidManifest.xml:75:25-87
139            </intent-filter>
140        </receiver>
141        <receiver
141-->[androidx.work:work-runtime:2.9.0] AndroidManifest.xml:78:9-88:20
142            android:name="androidx.work.impl.background.systemalarm.ConstraintProxy$BatteryNotLowProxy"
142-->[androidx.work:work-runtime:2.9.0] AndroidManifest.xml:79:13-104
143            android:directBootAware="false"
143-->[androidx.work:work-runtime:2.9.0] AndroidManifest.xml:80:13-44
144            android:enabled="false"
144-->[androidx.work:work-runtime:2.9.0] AndroidManifest.xml:81:13-36
145            android:exported="false" >
145-->[androidx.work:work-runtime:2.9.0] AndroidManifest.xml:82:13-37
146            <intent-filter>
146-->[androidx.work:work-runtime:2.9.0] AndroidManifest.xml:84:13-87:29
147                <action android:name="android.intent.action.BATTERY_OKAY" />
147-->[androidx.work:work-runtime:2.9.0] AndroidManifest.xml:85:17-77
147-->[androidx.work:work-runtime:2.9.0] AndroidManifest.xml:85:25-74
148                <action android:name="android.intent.action.BATTERY_LOW" />
148-->[androidx.work:work-runtime:2.9.0] AndroidManifest.xml:86:17-76
148-->[androidx.work:work-runtime:2.9.0] AndroidManifest.xml:86:25-73
149            </intent-filter>
150        </receiver>
151        <receiver
151-->[androidx.work:work-runtime:2.9.0] AndroidManifest.xml:89:9-99:20
152            android:name="androidx.work.impl.background.systemalarm.ConstraintProxy$StorageNotLowProxy"
152-->[androidx.work:work-runtime:2.9.0] AndroidManifest.xml:90:13-104
153            android:directBootAware="false"
153-->[androidx.work:work-runtime:2.9.0] AndroidManifest.xml:91:13-44
154            android:enabled="false"
154-->[androidx.work:work-runtime:2.9.0] AndroidManifest.xml:92:13-36
155            android:exported="false" >
155-->[androidx.work:work-runtime:2.9.0] AndroidManifest.xml:93:13-37
156            <intent-filter>
156-->[androidx.work:work-runtime:2.9.0] AndroidManifest.xml:95:13-98:29
157                <action android:name="android.intent.action.DEVICE_STORAGE_LOW" />
157-->[androidx.work:work-runtime:2.9.0] AndroidManifest.xml:96:17-83
157-->[androidx.work:work-runtime:2.9.0] AndroidManifest.xml:96:25-80
158                <action android:name="android.intent.action.DEVICE_STORAGE_OK" />
158-->[androidx.work:work-runtime:2.9.0] AndroidManifest.xml:97:17-82
158-->[androidx.work:work-runtime:2.9.0] AndroidManifest.xml:97:25-79
159            </intent-filter>
160        </receiver>
161        <receiver
161-->[androidx.work:work-runtime:2.9.0] AndroidManifest.xml:100:9-109:20
162            android:name="androidx.work.impl.background.systemalarm.ConstraintProxy$NetworkStateProxy"
162-->[androidx.work:work-runtime:2.9.0] AndroidManifest.xml:101:13-103
163            android:directBootAware="false"
163-->[androidx.work:work-runtime:2.9.0] AndroidManifest.xml:102:13-44
164            android:enabled="false"
164-->[androidx.work:work-runtime:2.9.0] AndroidManifest.xml:103:13-36
165            android:exported="false" >
165-->[androidx.work:work-runtime:2.9.0] AndroidManifest.xml:104:13-37
166            <intent-filter>
166-->[androidx.work:work-runtime:2.9.0] AndroidManifest.xml:106:13-108:29
167                <action android:name="android.net.conn.CONNECTIVITY_CHANGE" />
167-->[androidx.work:work-runtime:2.9.0] AndroidManifest.xml:107:17-79
167-->[androidx.work:work-runtime:2.9.0] AndroidManifest.xml:107:25-76
168            </intent-filter>
169        </receiver>
170        <receiver
170-->[androidx.work:work-runtime:2.9.0] AndroidManifest.xml:110:9-121:20
171            android:name="androidx.work.impl.background.systemalarm.RescheduleReceiver"
171-->[androidx.work:work-runtime:2.9.0] AndroidManifest.xml:111:13-88
172            android:directBootAware="false"
172-->[androidx.work:work-runtime:2.9.0] AndroidManifest.xml:112:13-44
173            android:enabled="false"
173-->[androidx.work:work-runtime:2.9.0] AndroidManifest.xml:113:13-36
174            android:exported="false" >
174-->[androidx.work:work-runtime:2.9.0] AndroidManifest.xml:114:13-37
175            <intent-filter>
175-->[androidx.work:work-runtime:2.9.0] AndroidManifest.xml:116:13-120:29
176                <action android:name="android.intent.action.BOOT_COMPLETED" />
176-->[androidx.work:work-runtime:2.9.0] AndroidManifest.xml:117:17-79
176-->[androidx.work:work-runtime:2.9.0] AndroidManifest.xml:117:25-76
177                <action android:name="android.intent.action.TIME_SET" />
177-->[androidx.work:work-runtime:2.9.0] AndroidManifest.xml:118:17-73
177-->[androidx.work:work-runtime:2.9.0] AndroidManifest.xml:118:25-70
178                <action android:name="android.intent.action.TIMEZONE_CHANGED" />
178-->[androidx.work:work-runtime:2.9.0] AndroidManifest.xml:119:17-81
178-->[androidx.work:work-runtime:2.9.0] AndroidManifest.xml:119:25-78
179            </intent-filter>
180        </receiver>
181        <receiver
181-->[androidx.work:work-runtime:2.9.0] AndroidManifest.xml:122:9-131:20
182            android:name="androidx.work.impl.background.systemalarm.ConstraintProxyUpdateReceiver"
182-->[androidx.work:work-runtime:2.9.0] AndroidManifest.xml:123:13-99
183            android:directBootAware="false"
183-->[androidx.work:work-runtime:2.9.0] AndroidManifest.xml:124:13-44
184            android:enabled="@bool/enable_system_alarm_service_default"
184-->[androidx.work:work-runtime:2.9.0] AndroidManifest.xml:125:13-72
185            android:exported="false" >
185-->[androidx.work:work-runtime:2.9.0] AndroidManifest.xml:126:13-37
186            <intent-filter>
186-->[androidx.work:work-runtime:2.9.0] AndroidManifest.xml:128:13-130:29
187                <action android:name="androidx.work.impl.background.systemalarm.UpdateProxies" />
187-->[androidx.work:work-runtime:2.9.0] AndroidManifest.xml:129:17-98
187-->[androidx.work:work-runtime:2.9.0] AndroidManifest.xml:129:25-95
188            </intent-filter>
189        </receiver>
190        <receiver
190-->[androidx.work:work-runtime:2.9.0] AndroidManifest.xml:132:9-142:20
191            android:name="androidx.work.impl.diagnostics.DiagnosticsReceiver"
191-->[androidx.work:work-runtime:2.9.0] AndroidManifest.xml:133:13-78
192            android:directBootAware="false"
192-->[androidx.work:work-runtime:2.9.0] AndroidManifest.xml:134:13-44
193            android:enabled="true"
193-->[androidx.work:work-runtime:2.9.0] AndroidManifest.xml:135:13-35
194            android:exported="true"
194-->[androidx.work:work-runtime:2.9.0] AndroidManifest.xml:136:13-36
195            android:permission="android.permission.DUMP" >
195-->[androidx.work:work-runtime:2.9.0] AndroidManifest.xml:137:13-57
196            <intent-filter>
196-->[androidx.work:work-runtime:2.9.0] AndroidManifest.xml:139:13-141:29
197                <action android:name="androidx.work.diagnostics.REQUEST_DIAGNOSTICS" />
197-->[androidx.work:work-runtime:2.9.0] AndroidManifest.xml:140:17-88
197-->[androidx.work:work-runtime:2.9.0] AndroidManifest.xml:140:25-85
198            </intent-filter>
199        </receiver>
200
201        <activity
201-->[com.stripe:paymentsheet:20.37.2] AndroidManifest.xml:8:9-12:58
202            android:name="com.stripe.android.paymentsheet.PaymentSheetActivity"
202-->[com.stripe:paymentsheet:20.37.2] AndroidManifest.xml:9:13-80
203            android:exported="false"
203-->[com.stripe:paymentsheet:20.37.2] AndroidManifest.xml:10:13-37
204            android:theme="@style/StripePaymentSheetDefaultTheme"
204-->[com.stripe:paymentsheet:20.37.2] AndroidManifest.xml:11:13-66
205            android:windowSoftInputMode="adjustResize" />
205-->[com.stripe:paymentsheet:20.37.2] AndroidManifest.xml:12:13-55
206        <activity
206-->[com.stripe:paymentsheet:20.37.2] AndroidManifest.xml:13:9-17:58
207            android:name="com.stripe.android.paymentsheet.PaymentOptionsActivity"
207-->[com.stripe:paymentsheet:20.37.2] AndroidManifest.xml:14:13-82
208            android:exported="false"
208-->[com.stripe:paymentsheet:20.37.2] AndroidManifest.xml:15:13-37
209            android:theme="@style/StripePaymentSheetDefaultTheme"
209-->[com.stripe:paymentsheet:20.37.2] AndroidManifest.xml:16:13-66
210            android:windowSoftInputMode="adjustResize" />
210-->[com.stripe:paymentsheet:20.37.2] AndroidManifest.xml:17:13-55
211        <activity
211-->[com.stripe:paymentsheet:20.37.2] AndroidManifest.xml:18:9-22:58
212            android:name="com.stripe.android.customersheet.CustomerSheetActivity"
212-->[com.stripe:paymentsheet:20.37.2] AndroidManifest.xml:19:13-82
213            android:exported="false"
213-->[com.stripe:paymentsheet:20.37.2] AndroidManifest.xml:20:13-37
214            android:theme="@style/StripePaymentSheetDefaultTheme"
214-->[com.stripe:paymentsheet:20.37.2] AndroidManifest.xml:21:13-66
215            android:windowSoftInputMode="adjustResize" />
215-->[com.stripe:paymentsheet:20.37.2] AndroidManifest.xml:22:13-55
216        <activity
216-->[com.stripe:paymentsheet:20.37.2] AndroidManifest.xml:23:9-26:69
217            android:name="com.stripe.android.paymentsheet.addresselement.AddressElementActivity"
217-->[com.stripe:paymentsheet:20.37.2] AndroidManifest.xml:24:13-97
218            android:exported="false"
218-->[com.stripe:paymentsheet:20.37.2] AndroidManifest.xml:25:13-37
219            android:theme="@style/StripePaymentSheetDefaultTheme" />
219-->[com.stripe:paymentsheet:20.37.2] AndroidManifest.xml:26:13-66
220        <activity
220-->[com.stripe:paymentsheet:20.37.2] AndroidManifest.xml:27:9-30:69
221            android:name="com.stripe.android.paymentsheet.paymentdatacollection.bacs.BacsMandateConfirmationActivity"
221-->[com.stripe:paymentsheet:20.37.2] AndroidManifest.xml:28:13-118
222            android:exported="false"
222-->[com.stripe:paymentsheet:20.37.2] AndroidManifest.xml:29:13-37
223            android:theme="@style/StripePaymentSheetDefaultTheme" />
223-->[com.stripe:paymentsheet:20.37.2] AndroidManifest.xml:30:13-66
224        <activity
224-->[com.stripe:paymentsheet:20.37.2] AndroidManifest.xml:31:9-34:69
225            android:name="com.stripe.android.paymentsheet.paymentdatacollection.polling.PollingActivity"
225-->[com.stripe:paymentsheet:20.37.2] AndroidManifest.xml:32:13-105
226            android:exported="false"
226-->[com.stripe:paymentsheet:20.37.2] AndroidManifest.xml:33:13-37
227            android:theme="@style/StripePaymentSheetDefaultTheme" />
227-->[com.stripe:paymentsheet:20.37.2] AndroidManifest.xml:34:13-66
228        <activity
228-->[com.stripe:paymentsheet:20.37.2] AndroidManifest.xml:35:9-38:69
229            android:name="com.stripe.android.paymentsheet.ui.SepaMandateActivity"
229-->[com.stripe:paymentsheet:20.37.2] AndroidManifest.xml:36:13-82
230            android:exported="false"
230-->[com.stripe:paymentsheet:20.37.2] AndroidManifest.xml:37:13-37
231            android:theme="@style/StripePaymentSheetDefaultTheme" />
231-->[com.stripe:paymentsheet:20.37.2] AndroidManifest.xml:38:13-66
232        <activity
232-->[com.stripe:link:20.37.2] AndroidManifest.xml:8:9-13:61
233            android:name="com.stripe.android.link.LinkForegroundActivity"
233-->[com.stripe:link:20.37.2] AndroidManifest.xml:9:13-74
234            android:autoRemoveFromRecents="true"
234-->[com.stripe:link:20.37.2] AndroidManifest.xml:10:13-49
235            android:configChanges="orientation|keyboard|keyboardHidden|screenLayout|screenSize|smallestScreenSize"
235-->[com.stripe:link:20.37.2] AndroidManifest.xml:11:13-115
236            android:launchMode="singleTop"
236-->[com.stripe:link:20.37.2] AndroidManifest.xml:12:13-43
237            android:theme="@style/StripeTransparentTheme" />
237-->[com.stripe:link:20.37.2] AndroidManifest.xml:13:13-58
238        <activity
238-->[com.stripe:link:20.37.2] AndroidManifest.xml:14:9-31:20
239            android:name="com.stripe.android.link.LinkRedirectHandlerActivity"
239-->[com.stripe:link:20.37.2] AndroidManifest.xml:15:13-79
240            android:autoRemoveFromRecents="true"
240-->[com.stripe:link:20.37.2] AndroidManifest.xml:16:13-49
241            android:exported="true"
241-->[com.stripe:link:20.37.2] AndroidManifest.xml:17:13-36
242            android:launchMode="singleInstance"
242-->[com.stripe:link:20.37.2] AndroidManifest.xml:18:13-48
243            android:theme="@style/StripeTransparentTheme" >
243-->[com.stripe:link:20.37.2] AndroidManifest.xml:19:13-58
244            <intent-filter>
244-->[com.stripe:link:20.37.2] AndroidManifest.xml:20:13-30:29
245                <action android:name="android.intent.action.VIEW" />
245-->[com.stripe:link:20.37.2] AndroidManifest.xml:21:17-69
245-->[com.stripe:link:20.37.2] AndroidManifest.xml:21:25-66
246
247                <category android:name="android.intent.category.DEFAULT" />
247-->[com.stripe:link:20.37.2] AndroidManifest.xml:23:17-76
247-->[com.stripe:link:20.37.2] AndroidManifest.xml:23:27-73
248                <category android:name="android.intent.category.BROWSABLE" />
248-->[com.stripe:link:20.37.2] AndroidManifest.xml:24:17-78
248-->[com.stripe:link:20.37.2] AndroidManifest.xml:24:27-75
249
250                <data
250-->[com.stripe:link:20.37.2] AndroidManifest.xml:26:17-29:51
251                    android:host="complete"
251-->[com.stripe:link:20.37.2] AndroidManifest.xml:27:21-44
252                    android:path="/com.estoyok.app"
252-->[com.stripe:link:20.37.2] AndroidManifest.xml:28:21-53
253                    android:scheme="link-popup" />
253-->[com.stripe:link:20.37.2] AndroidManifest.xml:29:21-48
254            </intent-filter>
255        </activity>
256        <activity
256-->[com.stripe:payments-ui-core:20.37.2] AndroidManifest.xml:8:9-11:69
257            android:name="com.stripe.android.ui.core.cardscan.CardScanActivity"
257-->[com.stripe:payments-ui-core:20.37.2] AndroidManifest.xml:9:13-80
258            android:exported="false"
258-->[com.stripe:payments-ui-core:20.37.2] AndroidManifest.xml:10:13-37
259            android:theme="@style/StripePaymentSheetDefaultTheme" />
259-->[com.stripe:payments-ui-core:20.37.2] AndroidManifest.xml:11:13-66
260        <activity
260-->[com.stripe:payments-core:20.37.2] AndroidManifest.xml:15:9-18:57
261            android:name="com.stripe.android.view.AddPaymentMethodActivity"
261-->[com.stripe:payments-core:20.37.2] AndroidManifest.xml:16:13-76
262            android:exported="false"
262-->[com.stripe:payments-core:20.37.2] AndroidManifest.xml:17:13-37
263            android:theme="@style/StripeDefaultTheme" />
263-->[com.stripe:payments-core:20.37.2] AndroidManifest.xml:18:13-54
264        <activity
264-->[com.stripe:payments-core:20.37.2] AndroidManifest.xml:19:9-22:57
265            android:name="com.stripe.android.view.PaymentMethodsActivity"
265-->[com.stripe:payments-core:20.37.2] AndroidManifest.xml:20:13-74
266            android:exported="false"
266-->[com.stripe:payments-core:20.37.2] AndroidManifest.xml:21:13-37
267            android:theme="@style/StripeDefaultTheme" />
267-->[com.stripe:payments-core:20.37.2] AndroidManifest.xml:22:13-54
268        <activity
268-->[com.stripe:payments-core:20.37.2] AndroidManifest.xml:23:9-26:57
269            android:name="com.stripe.android.view.PaymentFlowActivity"
269-->[com.stripe:payments-core:20.37.2] AndroidManifest.xml:24:13-71
270            android:exported="false"
270-->[com.stripe:payments-core:20.37.2] AndroidManifest.xml:25:13-37
271            android:theme="@style/StripeDefaultTheme" />
271-->[com.stripe:payments-core:20.37.2] AndroidManifest.xml:26:13-54
272        <activity
272-->[com.stripe:payments-core:20.37.2] AndroidManifest.xml:27:9-31:58
273            android:name="com.stripe.android.view.PaymentAuthWebViewActivity"
273-->[com.stripe:payments-core:20.37.2] AndroidManifest.xml:28:13-78
274            android:exported="false"
274-->[com.stripe:payments-core:20.37.2] AndroidManifest.xml:29:13-37
275            android:theme="@style/StripeDefaultTheme"
275-->[com.stripe:payments-core:20.37.2] AndroidManifest.xml:30:13-54
276            android:windowSoftInputMode="adjustResize" />
276-->[com.stripe:payments-core:20.37.2] AndroidManifest.xml:31:13-55
277        <activity
277-->[com.stripe:payments-core:20.37.2] AndroidManifest.xml:32:9-35:61
278            android:name="com.stripe.android.view.PaymentRelayActivity"
278-->[com.stripe:payments-core:20.37.2] AndroidManifest.xml:33:13-72
279            android:exported="false"
279-->[com.stripe:payments-core:20.37.2] AndroidManifest.xml:34:13-37